<?xml version="1.0" encoding="utf-8"?>
<!DOCTYPE coverage SYSTEM "http://cobertura.sourceforge.net/xml/coverage-04.dtd">
<coverage line-rate="0.9651924651924652" branch-rate="0.8671742808798646" lines-covered="2357" lines-valid="2442" branches-covered="1025" branches-valid="1182" complexity="1488" version="0" timestamp="1758376531">
  <sources />
  <packages>
    <package name="OpenForge.Cryptography.LibOqs.Core" line-rate="0.9516129032258065" branch-rate="0.9096045197740112" complexity="780">
      <classes>
        <class name="OpenForge.Cryptography.LibOqs.Core.AlgorithmConstants" filename="/actions-runner/_work/liboqs-dotnet/liboqs-dotnet/src/Core/AlgorithmConstants.cs" line-rate="1" branch-rate="1" complexity="11">
          <methods>
            <method name="get_DeprecationWarningsEnabled" signature="()" line-rate="1" branch-rate="1" complexity="1">
              <lines>
                <line number="336" hits="24" branch="false" />
              </lines>
            </method>
            <method name="set_DeprecationWarningsEnabled" signature="(bool)" line-rate="1" branch-rate="1" complexity="1">
              <lines>
                <line number="336" hits="24" branch="false" />
              </lines>
            </method>
            <method name="IsNISTStandardized" signature="(string)" line-rate="1" branch-rate="1" complexity="2">
              <lines>
                <line number="345" hits="8" branch="false" />
                <line number="347" hits="8" branch="true" condition-coverage="100% (2/2)" />
              </lines>
            </method>
            <method name="IsDeprecated" signature="(string)" line-rate="1" branch-rate="1" complexity="2">
              <lines>
                <line number="358" hits="32" branch="false" />
                <line number="360" hits="32" branch="true" condition-coverage="100% (2/2)" />
              </lines>
            </method>
            <method name="CheckForDeprecationWarning" signature="(string, string)" line-rate="1" branch-rate="1" complexity="4">
              <lines>
                <line number="371" hits="24" branch="true" condition-coverage="100% (4/4)" />
                <line number="372" hits="16" branch="false" />
                <line number="374" hits="24" branch="false" />
                <line number="379" hits="24" branch="false" />
              </lines>
            </method>
            <method name=".cctor" signature="()" line-rate="1" branch-rate="1" complexity="1">
              <lines>
                <line number="336" hits="24" branch="false" />
              </lines>
            </method>
          </methods>
          <lines>
            <line number="336" hits="24" branch="false" />
            <line number="345" hits="8" branch="false" />
            <line number="347" hits="8" branch="true" condition-coverage="100% (2/2)" />
            <line number="348" hits="8" branch="false" />
            <line number="358" hits="32" branch="false" />
            <line number="360" hits="32" branch="true" condition-coverage="100% (2/2)" />
            <line number="361" hits="32" branch="false" />
            <line number="371" hits="24" branch="true" condition-coverage="100% (4/4)" />
            <line number="372" hits="16" branch="false" />
            <line number="374" hits="24" branch="false" />
            <line number="379" hits="24" branch="false" />
          </lines>
        </class>
        <class name="OpenForge.Cryptography.LibOqs.Core.AlgorithmConstants" filename="/Users/runner/work/liboqs-dotnet/liboqs-dotnet/src/Core/AlgorithmConstants.cs" line-rate="1" branch-rate="1" complexity="11">
          <methods>
            <method name="get_DeprecationWarningsEnabled" signature="()" line-rate="1" branch-rate="1" complexity="1">
              <lines>
                <line number="336" hits="6" branch="false" />
              </lines>
            </method>
            <method name="set_DeprecationWarningsEnabled" signature="(bool)" line-rate="1" branch-rate="1" complexity="1">
              <lines>
                <line number="336" hits="6" branch="false" />
              </lines>
            </method>
            <method name="IsNISTStandardized" signature="(string)" line-rate="1" branch-rate="1" complexity="2">
              <lines>
                <line number="345" hits="2" branch="false" />
                <line number="347" hits="2" branch="true" condition-coverage="100% (2/2)" />
              </lines>
            </method>
            <method name="IsDeprecated" signature="(string)" line-rate="1" branch-rate="1" complexity="2">
              <lines>
                <line number="358" hits="8" branch="false" />
                <line number="360" hits="8" branch="true" condition-coverage="100% (2/2)" />
              </lines>
            </method>
            <method name="CheckForDeprecationWarning" signature="(string, string)" line-rate="1" branch-rate="1" complexity="4">
              <lines>
                <line number="371" hits="6" branch="true" condition-coverage="100% (4/4)" />
                <line number="372" hits="4" branch="false" />
                <line number="374" hits="6" branch="false" />
                <line number="379" hits="6" branch="false" />
              </lines>
            </method>
            <method name=".cctor" signature="()" line-rate="1" branch-rate="1" complexity="1">
              <lines>
                <line number="336" hits="6" branch="false" />
              </lines>
            </method>
          </methods>
          <lines>
            <line number="336" hits="6" branch="false" />
            <line number="345" hits="2" branch="false" />
            <line number="347" hits="2" branch="true" condition-coverage="100% (2/2)" />
            <line number="348" hits="2" branch="false" />
            <line number="358" hits="8" branch="false" />
            <line number="360" hits="8" branch="true" condition-coverage="100% (2/2)" />
            <line number="361" hits="8" branch="false" />
            <line number="371" hits="6" branch="true" condition-coverage="100% (4/4)" />
            <line number="372" hits="4" branch="false" />
            <line number="374" hits="6" branch="false" />
            <line number="379" hits="6" branch="false" />
          </lines>
        </class>
        <class name="OpenForge.Cryptography.LibOqs.Core.AlgorithmConstants" filename="C:\a\liboqs-dotnet\liboqs-dotnet\src\Core\AlgorithmConstants.cs" line-rate="1" branch-rate="1" complexity="11">
          <methods>
            <method name="get_DeprecationWarningsEnabled" signature="()" line-rate="1" branch-rate="1" complexity="1">
              <lines>
                <line number="336" hits="12" branch="false" />
              </lines>
            </method>
            <method name="set_DeprecationWarningsEnabled" signature="(bool)" line-rate="1" branch-rate="1" complexity="1">
              <lines>
                <line number="336" hits="12" branch="false" />
              </lines>
            </method>
            <method name="IsNISTStandardized" signature="(string)" line-rate="1" branch-rate="1" complexity="2">
              <lines>
                <line number="345" hits="4" branch="false" />
                <line number="347" hits="4" branch="true" condition-coverage="100% (2/2)" />
              </lines>
            </method>
            <method name="IsDeprecated" signature="(string)" line-rate="1" branch-rate="1" complexity="2">
              <lines>
                <line number="358" hits="16" branch="false" />
                <line number="360" hits="16" branch="true" condition-coverage="100% (2/2)" />
              </lines>
            </method>
            <method name="CheckForDeprecationWarning" signature="(string, string)" line-rate="1" branch-rate="1" complexity="4">
              <lines>
                <line number="371" hits="12" branch="true" condition-coverage="100% (4/4)" />
                <line number="372" hits="8" branch="false" />
                <line number="374" hits="12" branch="false" />
                <line number="379" hits="12" branch="false" />
              </lines>
            </method>
            <method name=".cctor" signature="()" line-rate="1" branch-rate="1" complexity="1">
              <lines>
                <line number="336" hits="12" branch="false" />
              </lines>
            </method>
          </methods>
          <lines>
            <line number="336" hits="12" branch="false" />
            <line number="345" hits="4" branch="false" />
            <line number="347" hits="4" branch="true" condition-coverage="100% (2/2)" />
            <line number="348" hits="4" branch="false" />
            <line number="358" hits="16" branch="false" />
            <line number="360" hits="16" branch="true" condition-coverage="100% (2/2)" />
            <line number="361" hits="16" branch="false" />
            <line number="371" hits="12" branch="true" condition-coverage="100% (4/4)" />
            <line number="372" hits="8" branch="false" />
            <line number="374" hits="12" branch="false" />
            <line number="379" hits="12" branch="false" />
          </lines>
        </class>
        <class name="OpenForge.Cryptography.LibOqs.Core.CryptographyValidation" filename="/actions-runner/_work/liboqs-dotnet/liboqs-dotnet/src/Core/CryptographyValidation.cs" line-rate="1" branch-rate="1" complexity="19">
          <methods>
            <method name="ValidateAlgorithmName" signature="(string)" line-rate="1" branch-rate="1" complexity="1">
              <lines>
                <line number="19" hits="32" branch="false" />
                <line number="20" hits="32" branch="false" />
              </lines>
            </method>
            <method name="ValidateAlgorithmSupport" signature="(bool, string)" line-rate="1" branch-rate="1" complexity="2">
              <lines>
                <line number="31" hits="32" branch="true" condition-coverage="100% (2/2)" />
                <line number="32" hits="24" branch="false" />
                <line number="33" hits="32" branch="false" />
              </lines>
            </method>
            <method name="ValidateNativeHandle" signature="(native int, string)" line-rate="1" branch-rate="1" complexity="2">
              <lines>
                <line number="44" hits="32" branch="true" condition-coverage="100% (2/2)" />
                <line number="45" hits="8" branch="false" />
                <line number="46" hits="32" branch="false" />
              </lines>
            </method>
            <method name="ValidateOperationResult" signature="(int, string, string, string)" line-rate="1" branch-rate="1" complexity="4">
              <lines>
                <line number="59" hits="32" branch="true" condition-coverage="100% (2/2)" />
                <line number="61" hits="16" branch="false" />
                <line number="62" hits="16" branch="true" condition-coverage="100% (2/2)" />
                <line number="63" hits="8" branch="false" />
                <line number="64" hits="16" branch="false" />
                <line number="66" hits="32" branch="false" />
              </lines>
            </method>
            <method name="ValidateOperationResult" signature="(uint, string, string, string)" line-rate="1" branch-rate="1" complexity="4">
              <lines>
                <line number="79" hits="8" branch="true" condition-coverage="100% (2/2)" />
                <line number="81" hits="8" branch="false" />
                <line number="82" hits="8" branch="true" condition-coverage="100% (2/2)" />
                <line number="83" hits="8" branch="false" />
                <line number="84" hits="8" branch="false" />
                <line number="86" hits="8" branch="false" />
              </lines>
            </method>
            <method name="ValidateNonNegativeIndex" signature="(int, string)" line-rate="1" branch-rate="1" complexity="2">
              <lines>
                <line number="97" hits="8" branch="true" condition-coverage="100% (2/2)" />
                <line number="98" hits="8" branch="false" />
                <line number="99" hits="8" branch="false" />
              </lines>
            </method>
            <method name="ValidatePointer" signature="(native int, string)" line-rate="1" branch-rate="1" complexity="2">
              <lines>
                <line number="110" hits="32" branch="true" condition-coverage="100% (2/2)" />
                <line number="111" hits="8" branch="false" />
                <line number="112" hits="32" branch="false" />
              </lines>
            </method>
            <method name="ValidateContextStringSupport" signature="(bool, string)" line-rate="1" branch-rate="1" complexity="2">
              <lines>
                <line number="123" hits="16" branch="true" condition-coverage="100% (2/2)" />
                <line number="124" hits="16" branch="false" />
                <line number="125" hits="16" branch="false" />
              </lines>
            </method>
          </methods>
          <lines>
            <line number="19" hits="32" branch="false" />
            <line number="20" hits="32" branch="false" />
            <line number="31" hits="32" branch="true" condition-coverage="100% (2/2)" />
            <line number="32" hits="24" branch="false" />
            <line number="33" hits="32" branch="false" />
            <line number="44" hits="32" branch="true" condition-coverage="100% (2/2)" />
            <line number="45" hits="8" branch="false" />
            <line number="46" hits="32" branch="false" />
            <line number="59" hits="32" branch="true" condition-coverage="100% (2/2)" />
            <line number="61" hits="16" branch="false" />
            <line number="62" hits="16" branch="true" condition-coverage="100% (2/2)" />
            <line number="63" hits="8" branch="false" />
            <line number="64" hits="16" branch="false" />
            <line number="66" hits="32" branch="false" />
            <line number="79" hits="8" branch="true" condition-coverage="100% (2/2)" />
            <line number="81" hits="8" branch="false" />
            <line number="82" hits="8" branch="true" condition-coverage="100% (2/2)" />
            <line number="83" hits="8" branch="false" />
            <line number="84" hits="8" branch="false" />
            <line number="86" hits="8" branch="false" />
            <line number="97" hits="8" branch="true" condition-coverage="100% (2/2)" />
            <line number="98" hits="8" branch="false" />
            <line number="99" hits="8" branch="false" />
            <line number="110" hits="32" branch="true" condition-coverage="100% (2/2)" />
            <line number="111" hits="8" branch="false" />
            <line number="112" hits="32" branch="false" />
            <line number="123" hits="16" branch="true" condition-coverage="100% (2/2)" />
            <line number="124" hits="16" branch="false" />
            <line number="125" hits="16" branch="false" />
          </lines>
        </class>
        <class name="OpenForge.Cryptography.LibOqs.Core.CryptographyValidation" filename="/Users/runner/work/liboqs-dotnet/liboqs-dotnet/src/Core/CryptographyValidation.cs" line-rate="1" branch-rate="1" complexity="19">
          <methods>
            <method name="ValidateAlgorithmName" signature="(string)" line-rate="1" branch-rate="1" complexity="1">
              <lines>
                <line number="19" hits="8" branch="false" />
                <line number="20" hits="8" branch="false" />
              </lines>
            </method>
            <method name="ValidateAlgorithmSupport" signature="(bool, string)" line-rate="1" branch-rate="1" complexity="2">
              <lines>
                <line number="31" hits="8" branch="true" condition-coverage="100% (2/2)" />
                <line number="32" hits="6" branch="false" />
                <line number="33" hits="8" branch="false" />
              </lines>
            </method>
            <method name="ValidateNativeHandle" signature="(native int, string)" line-rate="1" branch-rate="1" complexity="2">
              <lines>
                <line number="44" hits="8" branch="true" condition-coverage="100% (2/2)" />
                <line number="45" hits="2" branch="false" />
                <line number="46" hits="8" branch="false" />
              </lines>
            </method>
            <method name="ValidateOperationResult" signature="(int, string, string, string)" line-rate="1" branch-rate="1" complexity="4">
              <lines>
                <line number="59" hits="8" branch="true" condition-coverage="100% (2/2)" />
                <line number="61" hits="4" branch="false" />
                <line number="62" hits="4" branch="true" condition-coverage="100% (2/2)" />
                <line number="63" hits="2" branch="false" />
                <line number="64" hits="4" branch="false" />
                <line number="66" hits="8" branch="false" />
              </lines>
            </method>
            <method name="ValidateOperationResult" signature="(uint, string, string, string)" line-rate="1" branch-rate="1" complexity="4">
              <lines>
                <line number="79" hits="2" branch="true" condition-coverage="100% (2/2)" />
                <line number="81" hits="2" branch="false" />
                <line number="82" hits="2" branch="true" condition-coverage="100% (2/2)" />
                <line number="83" hits="2" branch="false" />
                <line number="84" hits="2" branch="false" />
                <line number="86" hits="2" branch="false" />
              </lines>
            </method>
            <method name="ValidateNonNegativeIndex" signature="(int, string)" line-rate="1" branch-rate="1" complexity="2">
              <lines>
                <line number="97" hits="2" branch="true" condition-coverage="100% (2/2)" />
                <line number="98" hits="2" branch="false" />
                <line number="99" hits="2" branch="false" />
              </lines>
            </method>
            <method name="ValidatePointer" signature="(native int, string)" line-rate="1" branch-rate="1" complexity="2">
              <lines>
                <line number="110" hits="8" branch="true" condition-coverage="100% (2/2)" />
                <line number="111" hits="2" branch="false" />
                <line number="112" hits="8" branch="false" />
              </lines>
            </method>
            <method name="ValidateContextStringSupport" signature="(bool, string)" line-rate="1" branch-rate="1" complexity="2">
              <lines>
                <line number="123" hits="4" branch="true" condition-coverage="100% (2/2)" />
                <line number="124" hits="4" branch="false" />
                <line number="125" hits="4" branch="false" />
              </lines>
            </method>
          </methods>
          <lines>
            <line number="19" hits="8" branch="false" />
            <line number="20" hits="8" branch="false" />
            <line number="31" hits="8" branch="true" condition-coverage="100% (2/2)" />
            <line number="32" hits="6" branch="false" />
            <line number="33" hits="8" branch="false" />
            <line number="44" hits="8" branch="true" condition-coverage="100% (2/2)" />
            <line number="45" hits="2" branch="false" />
            <line number="46" hits="8" branch="false" />
            <line number="59" hits="8" branch="true" condition-coverage="100% (2/2)" />
            <line number="61" hits="4" branch="false" />
            <line number="62" hits="4" branch="true" condition-coverage="100% (2/2)" />
            <line number="63" hits="2" branch="false" />
            <line number="64" hits="4" branch="false" />
            <line number="66" hits="8" branch="false" />
            <line number="79" hits="2" branch="true" condition-coverage="100% (2/2)" />
            <line number="81" hits="2" branch="false" />
            <line number="82" hits="2" branch="true" condition-coverage="100% (2/2)" />
            <line number="83" hits="2" branch="false" />
            <line number="84" hits="2" branch="false" />
            <line number="86" hits="2" branch="false" />
            <line number="97" hits="2" branch="true" condition-coverage="100% (2/2)" />
            <line number="98" hits="2" branch="false" />
            <line number="99" hits="2" branch="false" />
            <line number="110" hits="8" branch="true" condition-coverage="100% (2/2)" />
            <line number="111" hits="2" branch="false" />
            <line number="112" hits="8" branch="false" />
            <line number="123" hits="4" branch="true" condition-coverage="100% (2/2)" />
            <line number="124" hits="4" branch="false" />
            <line number="125" hits="4" branch="false" />
          </lines>
        </class>
        <class name="OpenForge.Cryptography.LibOqs.Core.CryptographyValidation" filename="C:\a\liboqs-dotnet\liboqs-dotnet\src\Core\CryptographyValidation.cs" line-rate="1" branch-rate="1" complexity="19">
          <methods>
            <method name="ValidateAlgorithmName" signature="(string)" line-rate="1" branch-rate="1" complexity="1">
              <lines>
                <line number="19" hits="16" branch="false" />
                <line number="20" hits="16" branch="false" />
              </lines>
            </method>
            <method name="ValidateAlgorithmSupport" signature="(bool, string)" line-rate="1" branch-rate="1" complexity="2">
              <lines>
                <line number="31" hits="16" branch="true" condition-coverage="100% (2/2)" />
                <line number="32" hits="12" branch="false" />
                <line number="33" hits="16" branch="false" />
              </lines>
            </method>
            <method name="ValidateNativeHandle" signature="(native int, string)" line-rate="1" branch-rate="1" complexity="2">
              <lines>
                <line number="44" hits="16" branch="true" condition-coverage="100% (2/2)" />
                <line number="45" hits="4" branch="false" />
                <line number="46" hits="16" branch="false" />
              </lines>
            </method>
            <method name="ValidateOperationResult" signature="(int, string, string, string)" line-rate="1" branch-rate="1" complexity="4">
              <lines>
                <line number="59" hits="16" branch="true" condition-coverage="100% (2/2)" />
                <line number="61" hits="8" branch="false" />
                <line number="62" hits="8" branch="true" condition-coverage="100% (2/2)" />
                <line number="63" hits="4" branch="false" />
                <line number="64" hits="8" branch="false" />
                <line number="66" hits="16" branch="false" />
              </lines>
            </method>
            <method name="ValidateOperationResult" signature="(uint, string, string, string)" line-rate="1" branch-rate="1" complexity="4">
              <lines>
                <line number="79" hits="4" branch="true" condition-coverage="100% (2/2)" />
                <line number="81" hits="4" branch="false" />
                <line number="82" hits="4" branch="true" condition-coverage="100% (2/2)" />
                <line number="83" hits="4" branch="false" />
                <line number="84" hits="4" branch="false" />
                <line number="86" hits="4" branch="false" />
              </lines>
            </method>
            <method name="ValidateNonNegativeIndex" signature="(int, string)" line-rate="1" branch-rate="1" complexity="2">
              <lines>
                <line number="97" hits="4" branch="true" condition-coverage="100% (2/2)" />
                <line number="98" hits="4" branch="false" />
                <line number="99" hits="4" branch="false" />
              </lines>
            </method>
            <method name="ValidatePointer" signature="(native int, string)" line-rate="1" branch-rate="1" complexity="2">
              <lines>
                <line number="110" hits="16" branch="true" condition-coverage="100% (2/2)" />
                <line number="111" hits="4" branch="false" />
                <line number="112" hits="16" branch="false" />
              </lines>
            </method>
            <method name="ValidateContextStringSupport" signature="(bool, string)" line-rate="1" branch-rate="1" complexity="2">
              <lines>
                <line number="123" hits="8" branch="true" condition-coverage="100% (2/2)" />
                <line number="124" hits="8" branch="false" />
                <line number="125" hits="8" branch="false" />
              </lines>
            </method>
          </methods>
          <lines>
            <line number="19" hits="16" branch="false" />
            <line number="20" hits="16" branch="false" />
            <line number="31" hits="16" branch="true" condition-coverage="100% (2/2)" />
            <line number="32" hits="12" branch="false" />
            <line number="33" hits="16" branch="false" />
            <line number="44" hits="16" branch="true" condition-coverage="100% (2/2)" />
            <line number="45" hits="4" branch="false" />
            <line number="46" hits="16" branch="false" />
            <line number="59" hits="16" branch="true" condition-coverage="100% (2/2)" />
            <line number="61" hits="8" branch="false" />
            <line number="62" hits="8" branch="true" condition-coverage="100% (2/2)" />
            <line number="63" hits="4" branch="false" />
            <line number="64" hits="8" branch="false" />
            <line number="66" hits="16" branch="false" />
            <line number="79" hits="4" branch="true" condition-coverage="100% (2/2)" />
            <line number="81" hits="4" branch="false" />
            <line number="82" hits="4" branch="true" condition-coverage="100% (2/2)" />
            <line number="83" hits="4" branch="false" />
            <line number="84" hits="4" branch="false" />
            <line number="86" hits="4" branch="false" />
            <line number="97" hits="4" branch="true" condition-coverage="100% (2/2)" />
            <line number="98" hits="4" branch="false" />
            <line number="99" hits="4" branch="false" />
            <line number="110" hits="16" branch="true" condition-coverage="100% (2/2)" />
            <line number="111" hits="4" branch="false" />
            <line number="112" hits="16" branch="false" />
            <line number="123" hits="8" branch="true" condition-coverage="100% (2/2)" />
            <line number="124" hits="8" branch="false" />
            <line number="125" hits="8" branch="false" />
          </lines>
        </class>
        <class name="OpenForge.Cryptography.LibOqs.Core.KemAlgorithms" filename="/actions-runner/_work/liboqs-dotnet/liboqs-dotnet/src/Core/AlgorithmConstants.cs" line-rate="1" branch-rate="1" complexity="1">
          <methods>
            <method name=".cctor" signature="()" line-rate="1" branch-rate="1" complexity="1">
              <lines>
                <line number="61" hits="32" branch="false" />
                <line number="62" hits="32" branch="false" />
                <line number="63" hits="32" branch="false" />
                <line number="64" hits="32" branch="false" />
                <line number="65" hits="32" branch="false" />
                <line number="66" hits="32" branch="false" />
                <line number="67" hits="32" branch="false" />
                <line number="68" hits="32" branch="false" />
                <line number="69" hits="32" branch="false" />
                <line number="70" hits="32" branch="false" />
                <line number="71" hits="32" branch="false" />
                <line number="72" hits="32" branch="false" />
                <line number="73" hits="32" branch="false" />
                <line number="74" hits="32" branch="false" />
                <line number="75" hits="32" branch="false" />
                <line number="76" hits="32" branch="false" />
                <line number="77" hits="32" branch="false" />
                <line number="82" hits="32" branch="false" />
                <line number="83" hits="32" branch="false" />
                <line number="84" hits="32" branch="false" />
                <line number="89" hits="32" branch="false" />
                <line number="90" hits="32" branch="false" />
                <line number="91" hits="32" branch="false" />
                <line number="92" hits="32" branch="false" />
              </lines>
            </method>
          </methods>
          <lines>
            <line number="61" hits="32" branch="false" />
            <line number="62" hits="32" branch="false" />
            <line number="63" hits="32" branch="false" />
            <line number="64" hits="32" branch="false" />
            <line number="65" hits="32" branch="false" />
            <line number="66" hits="32" branch="false" />
            <line number="67" hits="32" branch="false" />
            <line number="68" hits="32" branch="false" />
            <line number="69" hits="32" branch="false" />
            <line number="70" hits="32" branch="false" />
            <line number="71" hits="32" branch="false" />
            <line number="72" hits="32" branch="false" />
            <line number="73" hits="32" branch="false" />
            <line number="74" hits="32" branch="false" />
            <line number="75" hits="32" branch="false" />
            <line number="76" hits="32" branch="false" />
            <line number="77" hits="32" branch="false" />
            <line number="82" hits="32" branch="false" />
            <line number="83" hits="32" branch="false" />
            <line number="84" hits="32" branch="false" />
            <line number="89" hits="32" branch="false" />
            <line number="90" hits="32" branch="false" />
            <line number="91" hits="32" branch="false" />
            <line number="92" hits="32" branch="false" />
          </lines>
        </class>
        <class name="OpenForge.Cryptography.LibOqs.Core.KemAlgorithms" filename="/Users/runner/work/liboqs-dotnet/liboqs-dotnet/src/Core/AlgorithmConstants.cs" line-rate="1" branch-rate="1" complexity="1">
          <methods>
            <method name=".cctor" signature="()" line-rate="1" branch-rate="1" complexity="1">
              <lines>
                <line number="61" hits="8" branch="false" />
                <line number="62" hits="8" branch="false" />
                <line number="63" hits="8" branch="false" />
                <line number="64" hits="8" branch="false" />
                <line number="65" hits="8" branch="false" />
                <line number="66" hits="8" branch="false" />
                <line number="67" hits="8" branch="false" />
                <line number="68" hits="8" branch="false" />
                <line number="69" hits="8" branch="false" />
                <line number="70" hits="8" branch="false" />
                <line number="71" hits="8" branch="false" />
                <line number="72" hits="8" branch="false" />
                <line number="73" hits="8" branch="false" />
                <line number="74" hits="8" branch="false" />
                <line number="75" hits="8" branch="false" />
                <line number="76" hits="8" branch="false" />
                <line number="77" hits="8" branch="false" />
                <line number="82" hits="8" branch="false" />
                <line number="83" hits="8" branch="false" />
                <line number="84" hits="8" branch="false" />
                <line number="89" hits="8" branch="false" />
                <line number="90" hits="8" branch="false" />
                <line number="91" hits="8" branch="false" />
                <line number="92" hits="8" branch="false" />
              </lines>
            </method>
          </methods>
          <lines>
            <line number="61" hits="8" branch="false" />
            <line number="62" hits="8" branch="false" />
            <line number="63" hits="8" branch="false" />
            <line number="64" hits="8" branch="false" />
            <line number="65" hits="8" branch="false" />
            <line number="66" hits="8" branch="false" />
            <line number="67" hits="8" branch="false" />
            <line number="68" hits="8" branch="false" />
            <line number="69" hits="8" branch="false" />
            <line number="70" hits="8" branch="false" />
            <line number="71" hits="8" branch="false" />
            <line number="72" hits="8" branch="false" />
            <line number="73" hits="8" branch="false" />
            <line number="74" hits="8" branch="false" />
            <line number="75" hits="8" branch="false" />
            <line number="76" hits="8" branch="false" />
            <line number="77" hits="8" branch="false" />
            <line number="82" hits="8" branch="false" />
            <line number="83" hits="8" branch="false" />
            <line number="84" hits="8" branch="false" />
            <line number="89" hits="8" branch="false" />
            <line number="90" hits="8" branch="false" />
            <line number="91" hits="8" branch="false" />
            <line number="92" hits="8" branch="false" />
          </lines>
        </class>
        <class name="OpenForge.Cryptography.LibOqs.Core.KemAlgorithms" filename="C:\a\liboqs-dotnet\liboqs-dotnet\src\Core\AlgorithmConstants.cs" line-rate="1" branch-rate="1" complexity="1">
          <methods>
            <method name=".cctor" signature="()" line-rate="1" branch-rate="1" complexity="1">
              <lines>
                <line number="61" hits="16" branch="false" />
                <line number="62" hits="16" branch="false" />
                <line number="63" hits="16" branch="false" />
                <line number="64" hits="16" branch="false" />
                <line number="65" hits="16" branch="false" />
                <line number="66" hits="16" branch="false" />
                <line number="67" hits="16" branch="false" />
                <line number="68" hits="16" branch="false" />
                <line number="69" hits="16" branch="false" />
                <line number="70" hits="16" branch="false" />
                <line number="71" hits="16" branch="false" />
                <line number="72" hits="16" branch="false" />
                <line number="73" hits="16" branch="false" />
                <line number="74" hits="16" branch="false" />
                <line number="75" hits="16" branch="false" />
                <line number="76" hits="16" branch="false" />
                <line number="77" hits="16" branch="false" />
                <line number="82" hits="16" branch="false" />
                <line number="83" hits="16" branch="false" />
                <line number="84" hits="16" branch="false" />
                <line number="89" hits="16" branch="false" />
                <line number="90" hits="16" branch="false" />
                <line number="91" hits="16" branch="false" />
                <line number="92" hits="16" branch="false" />
              </lines>
            </method>
          </methods>
          <lines>
            <line number="61" hits="16" branch="false" />
            <line number="62" hits="16" branch="false" />
            <line number="63" hits="16" branch="false" />
            <line number="64" hits="16" branch="false" />
            <line number="65" hits="16" branch="false" />
            <line number="66" hits="16" branch="false" />
            <line number="67" hits="16" branch="false" />
            <line number="68" hits="16" branch="false" />
            <line number="69" hits="16" branch="false" />
            <line number="70" hits="16" branch="false" />
            <line number="71" hits="16" branch="false" />
            <line number="72" hits="16" branch="false" />
            <line number="73" hits="16" branch="false" />
            <line number="74" hits="16" branch="false" />
            <line number="75" hits="16" branch="false" />
            <line number="76" hits="16" branch="false" />
            <line number="77" hits="16" branch="false" />
            <line number="82" hits="16" branch="false" />
            <line number="83" hits="16" branch="false" />
            <line number="84" hits="16" branch="false" />
            <line number="89" hits="16" branch="false" />
            <line number="90" hits="16" branch="false" />
            <line number="91" hits="16" branch="false" />
            <line number="92" hits="16" branch="false" />
          </lines>
        </class>
        <class name="OpenForge.Cryptography.LibOqs.Core.MemoryUsageInfo" filename="/actions-runner/_work/liboqs-dotnet/liboqs-dotnet/src/Core/OqsCore.cs" line-rate="1" branch-rate="1" complexity="12">
          <methods>
            <method name="get_EstimatedPeakUsage" signature="()" line-rate="1" branch-rate="1" complexity="1">
              <lines>
                <line number="491" hits="8" branch="false" />
              </lines>
            </method>
            <method name="set_EstimatedPeakUsage" signature="(long)" line-rate="1" branch-rate="1" complexity="1">
              <lines>
                <line number="491" hits="8" branch="false" />
              </lines>
            </method>
            <method name="get_RecommendMemoryPressureHints" signature="()" line-rate="1" branch-rate="1" complexity="1">
              <lines>
                <line number="497" hits="8" branch="false" />
              </lines>
            </method>
            <method name="set_RecommendMemoryPressureHints" signature="(bool)" line-rate="1" branch-rate="1" complexity="1">
              <lines>
                <line number="497" hits="8" branch="false" />
              </lines>
            </method>
            <method name="get_IsLargeKeyAlgorithm" signature="()" line-rate="1" branch-rate="1" complexity="1">
              <lines>
                <line number="502" hits="8" branch="false" />
              </lines>
            </method>
            <method name="set_IsLargeKeyAlgorithm" signature="(bool)" line-rate="1" branch-rate="1" complexity="1">
              <lines>
                <line number="502" hits="8" branch="false" />
              </lines>
            </method>
            <method name="get_UsageDescription" signature="()" line-rate="1" branch-rate="1" complexity="6">
              <lines>
                <line number="507" hits="8" branch="true" condition-coverage="100% (6/6)" />
                <line number="508" hits="8" branch="false" />
                <line number="509" hits="8" branch="false" />
                <line number="510" hits="8" branch="false" />
                <line number="511" hits="8" branch="false" />
                <line number="512" hits="8" branch="false" />
                <line number="513" hits="8" branch="false" />
              </lines>
            </method>
          </methods>
          <lines>
            <line number="491" hits="8" branch="false" />
            <line number="497" hits="8" branch="false" />
            <line number="502" hits="8" branch="false" />
            <line number="507" hits="8" branch="true" condition-coverage="100% (6/6)" />
            <line number="508" hits="8" branch="false" />
            <line number="509" hits="8" branch="false" />
            <line number="510" hits="8" branch="false" />
            <line number="511" hits="8" branch="false" />
            <line number="512" hits="8" branch="false" />
            <line number="513" hits="8" branch="false" />
          </lines>
        </class>
        <class name="OpenForge.Cryptography.LibOqs.Core.MemoryUsageInfo" filename="/Users/runner/work/liboqs-dotnet/liboqs-dotnet/src/Core/OqsCore.cs" line-rate="1" branch-rate="1" complexity="12">
          <methods>
            <method name="get_EstimatedPeakUsage" signature="()" line-rate="1" branch-rate="1" complexity="1">
              <lines>
                <line number="491" hits="2" branch="false" />
              </lines>
            </method>
            <method name="set_EstimatedPeakUsage" signature="(long)" line-rate="1" branch-rate="1" complexity="1">
              <lines>
                <line number="491" hits="2" branch="false" />
              </lines>
            </method>
            <method name="get_RecommendMemoryPressureHints" signature="()" line-rate="1" branch-rate="1" complexity="1">
              <lines>
                <line number="497" hits="2" branch="false" />
              </lines>
            </method>
            <method name="set_RecommendMemoryPressureHints" signature="(bool)" line-rate="1" branch-rate="1" complexity="1">
              <lines>
                <line number="497" hits="2" branch="false" />
              </lines>
            </method>
            <method name="get_IsLargeKeyAlgorithm" signature="()" line-rate="1" branch-rate="1" complexity="1">
              <lines>
                <line number="502" hits="2" branch="false" />
              </lines>
            </method>
            <method name="set_IsLargeKeyAlgorithm" signature="(bool)" line-rate="1" branch-rate="1" complexity="1">
              <lines>
                <line number="502" hits="2" branch="false" />
              </lines>
            </method>
            <method name="get_UsageDescription" signature="()" line-rate="1" branch-rate="1" complexity="6">
              <lines>
                <line number="507" hits="2" branch="true" condition-coverage="100% (6/6)" />
                <line number="508" hits="2" branch="false" />
                <line number="509" hits="2" branch="false" />
                <line number="510" hits="2" branch="false" />
                <line number="511" hits="2" branch="false" />
                <line number="512" hits="2" branch="false" />
                <line number="513" hits="2" branch="false" />
              </lines>
            </method>
          </methods>
          <lines>
            <line number="491" hits="2" branch="false" />
            <line number="497" hits="2" branch="false" />
            <line number="502" hits="2" branch="false" />
            <line number="507" hits="2" branch="true" condition-coverage="100% (6/6)" />
            <line number="508" hits="2" branch="false" />
            <line number="509" hits="2" branch="false" />
            <line number="510" hits="2" branch="false" />
            <line number="511" hits="2" branch="false" />
            <line number="512" hits="2" branch="false" />
            <line number="513" hits="2" branch="false" />
          </lines>
        </class>
        <class name="OpenForge.Cryptography.LibOqs.Core.MemoryUsageInfo" filename="C:\a\liboqs-dotnet\liboqs-dotnet\src\Core\OqsCore.cs" line-rate="1" branch-rate="1" complexity="12">
          <methods>
            <method name="get_EstimatedPeakUsage" signature="()" line-rate="1" branch-rate="1" complexity="1">
              <lines>
                <line number="491" hits="4" branch="false" />
              </lines>
            </method>
            <method name="set_EstimatedPeakUsage" signature="(long)" line-rate="1" branch-rate="1" complexity="1">
              <lines>
                <line number="491" hits="4" branch="false" />
              </lines>
            </method>
            <method name="get_RecommendMemoryPressureHints" signature="()" line-rate="1" branch-rate="1" complexity="1">
              <lines>
                <line number="497" hits="4" branch="false" />
              </lines>
            </method>
            <method name="set_RecommendMemoryPressureHints" signature="(bool)" line-rate="1" branch-rate="1" complexity="1">
              <lines>
                <line number="497" hits="4" branch="false" />
              </lines>
            </method>
            <method name="get_IsLargeKeyAlgorithm" signature="()" line-rate="1" branch-rate="1" complexity="1">
              <lines>
                <line number="502" hits="4" branch="false" />
              </lines>
            </method>
            <method name="set_IsLargeKeyAlgorithm" signature="(bool)" line-rate="1" branch-rate="1" complexity="1">
              <lines>
                <line number="502" hits="4" branch="false" />
              </lines>
            </method>
            <method name="get_UsageDescription" signature="()" line-rate="1" branch-rate="1" complexity="6">
              <lines>
                <line number="507" hits="4" branch="true" condition-coverage="100% (6/6)" />
                <line number="508" hits="4" branch="false" />
                <line number="509" hits="4" branch="false" />
                <line number="510" hits="4" branch="false" />
                <line number="511" hits="4" branch="false" />
                <line number="512" hits="4" branch="false" />
                <line number="513" hits="4" branch="false" />
              </lines>
            </method>
          </methods>
          <lines>
            <line number="491" hits="4" branch="false" />
            <line number="497" hits="4" branch="false" />
            <line number="502" hits="4" branch="false" />
            <line number="507" hits="4" branch="true" condition-coverage="100% (6/6)" />
            <line number="508" hits="4" branch="false" />
            <line number="509" hits="4" branch="false" />
            <line number="510" hits="4" branch="false" />
            <line number="511" hits="4" branch="false" />
            <line number="512" hits="4" branch="false" />
            <line number="513" hits="4" branch="false" />
          </lines>
        </class>
        <class name="OpenForge.Cryptography.LibOqs.Core.OqsCore" filename="/actions-runner/_work/liboqs-dotnet/liboqs-dotnet/src/Core/OqsCore.cs" line-rate="0.9058823529411765" branch-rate="0.8717948717948718" complexity="85">
          <methods>
            <method name=".cctor" signature="()" line-rate="1" branch-rate="1" complexity="1">
              <lines>
                <line number="16" hits="32" branch="false" />
                <line number="17" hits="32" branch="false" />
                <line number="20" hits="32" branch="false" />
              </lines>
            </method>
            <method name="Initialize" signature="()" line-rate="0.9" branch-rate="0.75" complexity="4">
              <lines>
                <line number="27" hits="32" branch="true" condition-coverage="100% (2/2)" />
                <line number="28" hits="32" branch="false" />
                <line number="30" hits="32" branch="false" />
                <line number="32" hits="32" branch="true" condition-coverage="50% (1/2)" />
                <line number="33" hits="0" branch="false" />
                <line number="35" hits="32" branch="false" />
                <line number="36" hits="32" branch="false" />
                <line number="37" hits="32" branch="false" />
                <line number="38" hits="32" branch="false" />
                <line number="39" hits="32" branch="false" />
              </lines>
            </method>
            <method name="Destroy" signature="()" line-rate="0" branch-rate="0" complexity="4">
              <lines>
                <line number="47" hits="0" branch="true" condition-coverage="0% (0/2)" />
                <line number="48" hits="0" branch="false" />
                <line number="50" hits="0" branch="false" />
                <line number="52" hits="0" branch="true" condition-coverage="0% (0/2)" />
                <line number="53" hits="0" branch="false" />
                <line number="55" hits="0" branch="false" />
                <line number="56" hits="0" branch="false" />
                <line number="57" hits="0" branch="false" />
                <line number="58" hits="0" branch="false" />
              </lines>
            </method>
            <method name="GetVersion" signature="()" line-rate="1" branch-rate="0.5" complexity="2">
              <lines>
                <line number="66" hits="8" branch="false" />
                <line number="67" hits="8" branch="true" condition-coverage="50% (1/2)" />
              </lines>
            </method>
            <method name="ThreadStop" signature="()" line-rate="1" branch-rate="1" complexity="1">
              <lines>
                <line number="76" hits="8" branch="false" />
                <line number="77" hits="8" branch="false" />
              </lines>
            </method>
            <method name="AllocateMemory" signature="(native uint)" line-rate="0.8888888888888888" branch-rate="0.8333333333333334" complexity="6">
              <lines>
                <line number="91" hits="8" branch="true" condition-coverage="100% (2/2)" />
                <line number="92" hits="8" branch="false" />
                <line number="96" hits="8" branch="true" condition-coverage="100% (2/2)" />
                <line number="97" hits="8" branch="false" />
                <line number="99" hits="8" branch="false" />
                <line number="100" hits="8" branch="false" />
                <line number="101" hits="8" branch="true" condition-coverage="50% (1/2)" />
                <line number="103" hits="0" branch="false" />
                <line number="105" hits="8" branch="false" />
              </lines>
            </method>
            <method name="FreeMemory" signature="(native int, native uint)" line-rate="1" branch-rate="1" complexity="2">
              <lines>
                <line number="117" hits="8" branch="true" condition-coverage="100% (2/2)" />
                <line number="118" hits="8" branch="false" />
                <line number="120" hits="8" branch="false" />
                <line number="121" hits="8" branch="false" />
                <line number="122" hits="8" branch="false" />
              </lines>
            </method>
            <method name="CleanseMemory" signature="(native int, native uint)" line-rate="1" branch-rate="1" complexity="2">
              <lines>
                <line number="133" hits="8" branch="true" condition-coverage="100% (2/2)" />
                <line number="134" hits="8" branch="false" />
                <line number="136" hits="8" branch="false" />
                <line number="137" hits="8" branch="false" />
                <line number="138" hits="8" branch="false" />
              </lines>
            </method>
            <method name="GenerateRandomBytes" signature="(System.Span&lt;byte&gt;)" line-rate="1" branch-rate="1" complexity="2">
              <lines>
                <line number="148" hits="8" branch="true" condition-coverage="100% (2/2)" />
                <line number="149" hits="8" branch="false" />
                <line number="151" hits="8" branch="false" />
                <line number="152" hits="8" branch="false" />
                <line number="154" hits="8" branch="false" />
                <line number="156" hits="8" branch="false" />
              </lines>
            </method>
            <method name="GenerateRandomBytes" signature="(int)" line-rate="1" branch-rate="1" complexity="6">
              <lines>
                <line number="168" hits="8" branch="false" />
                <line number="170" hits="8" branch="true" condition-coverage="100% (2/2)" />
                <line number="171" hits="8" branch="false" />
                <line number="173" hits="8" branch="false" />
                <line number="174" hits="8" branch="false" />
                <line number="177" hits="8" branch="true" condition-coverage="100% (4/4)" />
                <line number="179" hits="8" branch="false" />
                <line number="182" hits="8" branch="false" />
              </lines>
            </method>
            <method name="SwitchRandomAlgorithm" signature="(string)" line-rate="1" branch-rate="1" complexity="2">
              <lines>
                <line number="194" hits="8" branch="false" />
                <line number="196" hits="8" branch="false" />
                <line number="197" hits="8" branch="false" />
                <line number="198" hits="8" branch="true" condition-coverage="100% (2/2)" />
                <line number="199" hits="8" branch="false" />
                <line number="200" hits="8" branch="false" />
              </lines>
            </method>
            <method name="HasCpuExtension" signature="(OpenForge.Cryptography.LibOqs.Core.OqsCpUext)" line-rate="1" branch-rate="1" complexity="1">
              <lines>
                <line number="210" hits="8" branch="false" />
                <line number="211" hits="8" branch="false" />
              </lines>
            </method>
            <method name="Malloc" signature="(native uint)" line-rate="0.8888888888888888" branch-rate="0.8333333333333334" complexity="6">
              <lines>
                <line number="225" hits="8" branch="true" condition-coverage="100% (2/2)" />
                <line number="226" hits="8" branch="false" />
                <line number="230" hits="8" branch="true" condition-coverage="100% (2/2)" />
                <line number="231" hits="8" branch="false" />
                <line number="233" hits="8" branch="false" />
                <line number="234" hits="8" branch="false" />
                <line number="235" hits="8" branch="true" condition-coverage="50% (1/2)" />
                <line number="237" hits="0" branch="false" />
                <line number="239" hits="8" branch="false" />
              </lines>
            </method>
            <method name="Calloc" signature="(native uint, native uint)" line-rate="0.9090909090909091" branch-rate="0.875" complexity="8">
              <lines>
                <line number="254" hits="8" branch="true" condition-coverage="100% (2/2)" />
                <line number="255" hits="8" branch="false" />
                <line number="256" hits="8" branch="true" condition-coverage="100% (2/2)" />
                <line number="257" hits="8" branch="false" />
                <line number="261" hits="8" branch="true" condition-coverage="100% (2/2)" />
                <line number="262" hits="8" branch="false" />
                <line number="264" hits="8" branch="false" />
                <line number="265" hits="8" branch="false" />
                <line number="266" hits="8" branch="true" condition-coverage="50% (1/2)" />
                <line number="268" hits="0" branch="false" />
                <line number="270" hits="8" branch="false" />
              </lines>
            </method>
            <method name="SecureCompare" signature="(native int, native int, native uint)" line-rate="1" branch-rate="1" complexity="4">
              <lines>
                <line number="283" hits="8" branch="true" condition-coverage="100% (4/4)" />
                <line number="284" hits="8" branch="false" />
                <line number="286" hits="8" branch="false" />
                <line number="287" hits="8" branch="false" />
              </lines>
            </method>
            <method name="SecureCompareUnsafe" signature="(native int, native int, native uint)" line-rate="1" branch-rate="1" complexity="1">
              <lines>
                <line number="297" hits="8" branch="false" />
                <line number="298" hits="8" branch="false" />
              </lines>
            </method>
            <method name="InsecureFreeMemory" signature="(native int)" line-rate="1" branch-rate="1" complexity="2">
              <lines>
                <line number="309" hits="8" branch="true" condition-coverage="100% (2/2)" />
                <line number="310" hits="8" branch="false" />
                <line number="312" hits="8" branch="false" />
                <line number="313" hits="8" branch="false" />
                <line number="314" hits="8" branch="false" />
              </lines>
            </method>
            <method name="CreateSecureByteArray" signature="(int)" line-rate="1" branch-rate="1" complexity="1">
              <lines>
                <line number="325" hits="8" branch="false" />
                <line number="326" hits="8" branch="false" />
              </lines>
            </method>
            <method name="CreateSecureByteArray" signature="(System.ReadOnlySpan&lt;byte&gt;)" line-rate="1" branch-rate="1" complexity="1">
              <lines>
                <line number="338" hits="8" branch="false" />
                <line number="339" hits="8" branch="false" />
                <line number="340" hits="8" branch="false" />
                <line number="341" hits="8" branch="false" />
              </lines>
            </method>
            <method name="EnsureInitialized" signature="()" line-rate="0.6666666666666666" branch-rate="0.5" complexity="2">
              <lines>
                <line number="346" hits="8" branch="true" condition-coverage="50% (1/2)" />
                <line number="347" hits="0" branch="false" />
                <line number="348" hits="8" branch="false" />
              </lines>
            </method>
            <method name="HintMemoryPressure" signature="(long, bool)" line-rate="1" branch-rate="1" complexity="4">
              <lines>
                <line number="367" hits="8" branch="true" condition-coverage="100% (2/2)" />
                <line number="368" hits="8" branch="false" />
                <line number="371" hits="8" branch="false" />
                <line number="374" hits="8" branch="true" condition-coverage="100% (2/2)" />
                <line number="377" hits="8" branch="false" />
                <line number="380" hits="8" branch="false" />
              </lines>
            </method>
            <method name="RemoveMemoryPressure" signature="(long)" line-rate="0.7142857142857143" branch-rate="1" complexity="2">
              <lines>
                <line number="393" hits="8" branch="true" condition-coverage="100% (2/2)" />
                <line number="394" hits="8" branch="false" />
                <line number="398" hits="8" branch="false" />
                <line number="399" hits="8" branch="false" />
                <line number="400" hits="0" branch="false" />
                <line number="404" hits="0" branch="false" />
                <line number="405" hits="8" branch="false" />
              </lines>
            </method>
            <method name="GetMemoryUsageInfo" signature="(string)" line-rate="1" branch-rate="1" complexity="18">
              <lines>
                <line number="415" hits="8" branch="true" condition-coverage="100% (2/2)" />
                <line number="416" hits="8" branch="false" />
                <line number="418" hits="8" branch="false" />
                <line number="419" hits="8" branch="false" />
                <line number="420" hits="8" branch="false" />
                <line number="421" hits="8" branch="true" condition-coverage="100% (6/6)" />
                <line number="422" hits="8" branch="false" />
                <line number="423" hits="8" branch="false" />
                <line number="424" hits="8" branch="false" />
                <line number="425" hits="8" branch="false" />
                <line number="426" hits="8" branch="false" />
                <line number="427" hits="8" branch="false" />
                <line number="428" hits="8" branch="false" />
                <line number="429" hits="8" branch="false" />
                <line number="430" hits="8" branch="false" />
                <line number="431" hits="8" branch="false" />
                <line number="432" hits="8" branch="false" />
                <line number="433" hits="8" branch="true" condition-coverage="100% (2/2)" />
                <line number="434" hits="8" branch="false" />
                <line number="435" hits="8" branch="false" />
                <line number="436" hits="8" branch="false" />
                <line number="437" hits="8" branch="false" />
                <line number="438" hits="8" branch="false" />
                <line number="439" hits="8" branch="false" />
                <line number="440" hits="8" branch="true" condition-coverage="100% (4/4)" />
                <line number="441" hits="8" branch="false" />
                <line number="442" hits="8" branch="false" />
                <line number="443" hits="8" branch="false" />
                <line number="444" hits="8" branch="false" />
                <line number="445" hits="8" branch="false" />
                <line number="446" hits="8" branch="false" />
                <line number="447" hits="8" branch="true" condition-coverage="100% (4/4)" />
                <line number="448" hits="8" branch="false" />
                <line number="449" hits="8" branch="false" />
                <line number="450" hits="8" branch="false" />
                <line number="451" hits="8" branch="false" />
                <line number="452" hits="8" branch="false" />
                <line number="453" hits="8" branch="false" />
                <line number="454" hits="8" branch="false" />
                <line number="455" hits="8" branch="false" />
                <line number="456" hits="8" branch="false" />
                <line number="457" hits="8" branch="false" />
                <line number="458" hits="8" branch="false" />
                <line number="459" hits="8" branch="false" />
                <line number="460" hits="8" branch="false" />
                <line number="461" hits="8" branch="false" />
              </lines>
            </method>
            <method name="FastEnsureInitialized" signature="()" line-rate="1" branch-rate="1" complexity="2">
              <lines>
                <line number="471" hits="8" branch="true" condition-coverage="100% (2/2)" />
                <line number="472" hits="8" branch="false" />
                <line number="475" hits="8" branch="false" />
                <line number="476" hits="8" branch="false" />
              </lines>
            </method>
            <method name="ThrowNotInitialized" signature="()" line-rate="1" branch-rate="1" complexity="1">
              <lines>
                <line number="475" hits="8" branch="false" />
              </lines>
            </method>
          </methods>
          <lines>
            <line number="16" hits="32" branch="false" />
            <line number="17" hits="32" branch="false" />
            <line number="20" hits="32" branch="false" />
            <line number="27" hits="32" branch="true" condition-coverage="100% (2/2)" />
            <line number="28" hits="32" branch="false" />
            <line number="30" hits="32" branch="false" />
            <line number="32" hits="32" branch="true" condition-coverage="50% (1/2)" />
            <line number="33" hits="0" branch="false" />
            <line number="35" hits="32" branch="false" />
            <line number="36" hits="32" branch="false" />
            <line number="37" hits="32" branch="false" />
            <line number="38" hits="32" branch="false" />
            <line number="39" hits="32" branch="false" />
            <line number="47" hits="0" branch="true" condition-coverage="0% (0/2)" />
            <line number="48" hits="0" branch="false" />
            <line number="50" hits="0" branch="false" />
            <line number="52" hits="0" branch="true" condition-coverage="0% (0/2)" />
            <line number="53" hits="0" branch="false" />
            <line number="55" hits="0" branch="false" />
            <line number="56" hits="0" branch="false" />
            <line number="57" hits="0" branch="false" />
            <line number="58" hits="0" branch="false" />
            <line number="66" hits="8" branch="false" />
            <line number="67" hits="8" branch="true" condition-coverage="50% (1/2)" />
            <line number="76" hits="8" branch="false" />
            <line number="77" hits="8" branch="false" />
            <line number="91" hits="8" branch="true" condition-coverage="100% (2/2)" />
            <line number="92" hits="8" branch="false" />
            <line number="96" hits="8" branch="true" condition-coverage="100% (2/2)" />
            <line number="97" hits="8" branch="false" />
            <line number="99" hits="8" branch="false" />
            <line number="100" hits="8" branch="false" />
            <line number="101" hits="8" branch="true" condition-coverage="50% (1/2)" />
            <line number="103" hits="0" branch="false" />
            <line number="105" hits="8" branch="false" />
            <line number="117" hits="8" branch="true" condition-coverage="100% (2/2)" />
            <line number="118" hits="8" branch="false" />
            <line number="120" hits="8" branch="false" />
            <line number="121" hits="8" branch="false" />
            <line number="122" hits="8" branch="false" />
            <line number="133" hits="8" branch="true" condition-coverage="100% (2/2)" />
            <line number="134" hits="8" branch="false" />
            <line number="136" hits="8" branch="false" />
            <line number="137" hits="8" branch="false" />
            <line number="138" hits="8" branch="false" />
            <line number="148" hits="8" branch="true" condition-coverage="100% (2/2)" />
            <line number="149" hits="8" branch="false" />
            <line number="151" hits="8" branch="false" />
            <line number="152" hits="8" branch="false" />
            <line number="154" hits="8" branch="false" />
            <line number="156" hits="8" branch="false" />
            <line number="168" hits="8" branch="false" />
            <line number="170" hits="8" branch="true" condition-coverage="100% (2/2)" />
            <line number="171" hits="8" branch="false" />
            <line number="173" hits="8" branch="false" />
            <line number="174" hits="8" branch="false" />
            <line number="177" hits="8" branch="true" condition-coverage="100% (4/4)" />
            <line number="179" hits="8" branch="false" />
            <line number="182" hits="8" branch="false" />
            <line number="194" hits="8" branch="false" />
            <line number="196" hits="8" branch="false" />
            <line number="197" hits="8" branch="false" />
            <line number="198" hits="8" branch="true" condition-coverage="100% (2/2)" />
            <line number="199" hits="8" branch="false" />
            <line number="200" hits="8" branch="false" />
            <line number="210" hits="8" branch="false" />
            <line number="211" hits="8" branch="false" />
            <line number="225" hits="8" branch="true" condition-coverage="100% (2/2)" />
            <line number="226" hits="8" branch="false" />
            <line number="230" hits="8" branch="true" condition-coverage="100% (2/2)" />
            <line number="231" hits="8" branch="false" />
            <line number="233" hits="8" branch="false" />
            <line number="234" hits="8" branch="false" />
            <line number="235" hits="8" branch="true" condition-coverage="50% (1/2)" />
            <line number="237" hits="0" branch="false" />
            <line number="239" hits="8" branch="false" />
            <line number="254" hits="8" branch="true" condition-coverage="100% (2/2)" />
            <line number="255" hits="8" branch="false" />
            <line number="256" hits="8" branch="true" condition-coverage="100% (2/2)" />
            <line number="257" hits="8" branch="false" />
            <line number="261" hits="8" branch="true" condition-coverage="100% (2/2)" />
            <line number="262" hits="8" branch="false" />
            <line number="264" hits="8" branch="false" />
            <line number="265" hits="8" branch="false" />
            <line number="266" hits="8" branch="true" condition-coverage="50% (1/2)" />
            <line number="268" hits="0" branch="false" />
            <line number="270" hits="8" branch="false" />
            <line number="283" hits="8" branch="true" condition-coverage="100% (4/4)" />
            <line number="284" hits="8" branch="false" />
            <line number="286" hits="8" branch="false" />
            <line number="287" hits="8" branch="false" />
            <line number="297" hits="8" branch="false" />
            <line number="298" hits="8" branch="false" />
            <line number="309" hits="8" branch="true" condition-coverage="100% (2/2)" />
            <line number="310" hits="8" branch="false" />
            <line number="312" hits="8" branch="false" />
            <line number="313" hits="8" branch="false" />
            <line number="314" hits="8" branch="false" />
            <line number="325" hits="8" branch="false" />
            <line number="326" hits="8" branch="false" />
            <line number="338" hits="8" branch="false" />
            <line number="339" hits="8" branch="false" />
            <line number="340" hits="8" branch="false" />
            <line number="341" hits="8" branch="false" />
            <line number="346" hits="8" branch="true" condition-coverage="50% (1/2)" />
            <line number="347" hits="0" branch="false" />
            <line number="348" hits="8" branch="false" />
            <line number="367" hits="8" branch="true" condition-coverage="100% (2/2)" />
            <line number="368" hits="8" branch="false" />
            <line number="371" hits="8" branch="false" />
            <line number="374" hits="8" branch="true" condition-coverage="100% (2/2)" />
            <line number="377" hits="8" branch="false" />
            <line number="380" hits="8" branch="false" />
            <line number="393" hits="8" branch="true" condition-coverage="100% (2/2)" />
            <line number="394" hits="8" branch="false" />
            <line number="398" hits="8" branch="false" />
            <line number="399" hits="8" branch="false" />
            <line number="400" hits="0" branch="false" />
            <line number="404" hits="0" branch="false" />
            <line number="405" hits="8" branch="false" />
            <line number="415" hits="8" branch="true" condition-coverage="100% (2/2)" />
            <line number="416" hits="8" branch="false" />
            <line number="418" hits="8" branch="false" />
            <line number="419" hits="8" branch="false" />
            <line number="420" hits="8" branch="false" />
            <line number="421" hits="8" branch="true" condition-coverage="100% (6/6)" />
            <line number="422" hits="8" branch="false" />
            <line number="423" hits="8" branch="false" />
            <line number="424" hits="8" branch="false" />
            <line number="425" hits="8" branch="false" />
            <line number="426" hits="8" branch="false" />
            <line number="427" hits="8" branch="false" />
            <line number="428" hits="8" branch="false" />
            <line number="429" hits="8" branch="false" />
            <line number="430" hits="8" branch="false" />
            <line number="431" hits="8" branch="false" />
            <line number="432" hits="8" branch="false" />
            <line number="433" hits="8" branch="true" condition-coverage="100% (2/2)" />
            <line number="434" hits="8" branch="false" />
            <line number="435" hits="8" branch="false" />
            <line number="436" hits="8" branch="false" />
            <line number="437" hits="8" branch="false" />
            <line number="438" hits="8" branch="false" />
            <line number="439" hits="8" branch="false" />
            <line number="440" hits="8" branch="true" condition-coverage="100% (4/4)" />
            <line number="441" hits="8" branch="false" />
            <line number="442" hits="8" branch="false" />
            <line number="443" hits="8" branch="false" />
            <line number="444" hits="8" branch="false" />
            <line number="445" hits="8" branch="false" />
            <line number="446" hits="8" branch="false" />
            <line number="447" hits="8" branch="true" condition-coverage="100% (4/4)" />
            <line number="448" hits="8" branch="false" />
            <line number="449" hits="8" branch="false" />
            <line number="450" hits="8" branch="false" />
            <line number="451" hits="8" branch="false" />
            <line number="452" hits="8" branch="false" />
            <line number="453" hits="8" branch="false" />
            <line number="454" hits="8" branch="false" />
            <line number="455" hits="8" branch="false" />
            <line number="456" hits="8" branch="false" />
            <line number="457" hits="8" branch="false" />
            <line number="458" hits="8" branch="false" />
            <line number="459" hits="8" branch="false" />
            <line number="460" hits="8" branch="false" />
            <line number="461" hits="8" branch="false" />
            <line number="471" hits="8" branch="true" condition-coverage="100% (2/2)" />
            <line number="472" hits="8" branch="false" />
            <line number="475" hits="8" branch="false" />
            <line number="476" hits="8" branch="false" />
          </lines>
        </class>
        <class name="OpenForge.Cryptography.LibOqs.Core.OqsCore" filename="/Users/runner/work/liboqs-dotnet/liboqs-dotnet/src/Core/OqsCore.cs" line-rate="0.9058823529411765" branch-rate="0.8717948717948718" complexity="85">
          <methods>
            <method name=".cctor" signature="()" line-rate="1" branch-rate="1" complexity="1">
              <lines>
                <line number="16" hits="8" branch="false" />
                <line number="17" hits="8" branch="false" />
                <line number="20" hits="8" branch="false" />
              </lines>
            </method>
            <method name="Initialize" signature="()" line-rate="0.9" branch-rate="0.75" complexity="4">
              <lines>
                <line number="27" hits="8" branch="true" condition-coverage="100% (2/2)" />
                <line number="28" hits="8" branch="false" />
                <line number="30" hits="8" branch="false" />
                <line number="32" hits="8" branch="true" condition-coverage="50% (1/2)" />
                <line number="33" hits="0" branch="false" />
                <line number="35" hits="8" branch="false" />
                <line number="36" hits="8" branch="false" />
                <line number="37" hits="8" branch="false" />
                <line number="38" hits="8" branch="false" />
                <line number="39" hits="8" branch="false" />
              </lines>
            </method>
            <method name="Destroy" signature="()" line-rate="0" branch-rate="0" complexity="4">
              <lines>
                <line number="47" hits="0" branch="true" condition-coverage="0% (0/2)" />
                <line number="48" hits="0" branch="false" />
                <line number="50" hits="0" branch="false" />
                <line number="52" hits="0" branch="true" condition-coverage="0% (0/2)" />
                <line number="53" hits="0" branch="false" />
                <line number="55" hits="0" branch="false" />
                <line number="56" hits="0" branch="false" />
                <line number="57" hits="0" branch="false" />
                <line number="58" hits="0" branch="false" />
              </lines>
            </method>
            <method name="GetVersion" signature="()" line-rate="1" branch-rate="0.5" complexity="2">
              <lines>
                <line number="66" hits="2" branch="false" />
                <line number="67" hits="2" branch="true" condition-coverage="50% (1/2)" />
              </lines>
            </method>
            <method name="ThreadStop" signature="()" line-rate="1" branch-rate="1" complexity="1">
              <lines>
                <line number="76" hits="2" branch="false" />
                <line number="77" hits="2" branch="false" />
              </lines>
            </method>
            <method name="AllocateMemory" signature="(native uint)" line-rate="0.8888888888888888" branch-rate="0.8333333333333334" complexity="6">
              <lines>
                <line number="91" hits="2" branch="true" condition-coverage="100% (2/2)" />
                <line number="92" hits="2" branch="false" />
                <line number="96" hits="2" branch="true" condition-coverage="100% (2/2)" />
                <line number="97" hits="2" branch="false" />
                <line number="99" hits="2" branch="false" />
                <line number="100" hits="2" branch="false" />
                <line number="101" hits="2" branch="true" condition-coverage="50% (1/2)" />
                <line number="103" hits="0" branch="false" />
                <line number="105" hits="2" branch="false" />
              </lines>
            </method>
            <method name="FreeMemory" signature="(native int, native uint)" line-rate="1" branch-rate="1" complexity="2">
              <lines>
                <line number="117" hits="2" branch="true" condition-coverage="100% (2/2)" />
                <line number="118" hits="2" branch="false" />
                <line number="120" hits="2" branch="false" />
                <line number="121" hits="2" branch="false" />
                <line number="122" hits="2" branch="false" />
              </lines>
            </method>
            <method name="CleanseMemory" signature="(native int, native uint)" line-rate="1" branch-rate="1" complexity="2">
              <lines>
                <line number="133" hits="2" branch="true" condition-coverage="100% (2/2)" />
                <line number="134" hits="2" branch="false" />
                <line number="136" hits="2" branch="false" />
                <line number="137" hits="2" branch="false" />
                <line number="138" hits="2" branch="false" />
              </lines>
            </method>
            <method name="GenerateRandomBytes" signature="(System.Span&lt;byte&gt;)" line-rate="1" branch-rate="1" complexity="2">
              <lines>
                <line number="148" hits="2" branch="true" condition-coverage="100% (2/2)" />
                <line number="149" hits="2" branch="false" />
                <line number="151" hits="2" branch="false" />
                <line number="152" hits="2" branch="false" />
                <line number="154" hits="2" branch="false" />
                <line number="156" hits="2" branch="false" />
              </lines>
            </method>
            <method name="GenerateRandomBytes" signature="(int)" line-rate="1" branch-rate="1" complexity="6">
              <lines>
                <line number="168" hits="2" branch="false" />
                <line number="170" hits="2" branch="true" condition-coverage="100% (2/2)" />
                <line number="171" hits="2" branch="false" />
                <line number="173" hits="2" branch="false" />
                <line number="174" hits="2" branch="false" />
                <line number="177" hits="2" branch="true" condition-coverage="100% (4/4)" />
                <line number="179" hits="2" branch="false" />
                <line number="182" hits="2" branch="false" />
              </lines>
            </method>
            <method name="SwitchRandomAlgorithm" signature="(string)" line-rate="1" branch-rate="1" complexity="2">
              <lines>
                <line number="194" hits="2" branch="false" />
                <line number="196" hits="2" branch="false" />
                <line number="197" hits="2" branch="false" />
                <line number="198" hits="2" branch="true" condition-coverage="100% (2/2)" />
                <line number="199" hits="2" branch="false" />
                <line number="200" hits="2" branch="false" />
[...]
          <methods>
            <method name="get_PublicKey" signature="()" line-rate="1" branch-rate="1" complexity="1">
              <lines>
                <line number="373" hits="16" branch="false" />
              </lines>
            </method>
            <method name="set_PublicKey" signature="(byte[])" line-rate="1" branch-rate="1" complexity="1">
              <lines>
                <line number="373" hits="16" branch="false" />
              </lines>
            </method>
            <method name="get_SecretKey" signature="()" line-rate="1" branch-rate="1" complexity="1">
              <lines>
                <line number="373" hits="16" branch="false" />
              </lines>
            </method>
            <method name="set_SecretKey" signature="(byte[])" line-rate="1" branch-rate="1" complexity="1">
              <lines>
                <line number="373" hits="16" branch="false" />
              </lines>
            </method>
            <method name="Dispose" signature="()" line-rate="1" branch-rate="1" complexity="1">
              <lines>
                <line number="381" hits="8" branch="false" />
                <line number="382" hits="8" branch="false" />
              </lines>
            </method>
          </methods>
          <lines>
            <line number="373" hits="16" branch="false" />
            <line number="381" hits="8" branch="false" />
            <line number="382" hits="8" branch="false" />
          </lines>
        </class>
        <class name="OpenForge.Cryptography.LibOqs.SIG.SigKeyPair" filename="/Users/runner/work/liboqs-dotnet/liboqs-dotnet/src/SIG/SigProvider.cs" line-rate="1" branch-rate="1" complexity="5">
          <methods>
            <method name="get_PublicKey" signature="()" line-rate="1" branch-rate="1" complexity="1">
              <lines>
                <line number="373" hits="4" branch="false" />
              </lines>
            </method>
            <method name="set_PublicKey" signature="(byte[])" line-rate="1" branch-rate="1" complexity="1">
              <lines>
                <line number="373" hits="4" branch="false" />
              </lines>
            </method>
            <method name="get_SecretKey" signature="()" line-rate="1" branch-rate="1" complexity="1">
              <lines>
                <line number="373" hits="4" branch="false" />
              </lines>
            </method>
            <method name="set_SecretKey" signature="(byte[])" line-rate="1" branch-rate="1" complexity="1">
              <lines>
                <line number="373" hits="4" branch="false" />
              </lines>
            </method>
            <method name="Dispose" signature="()" line-rate="1" branch-rate="1" complexity="1">
              <lines>
                <line number="381" hits="2" branch="false" />
                <line number="382" hits="2" branch="false" />
              </lines>
            </method>
          </methods>
          <lines>
            <line number="373" hits="4" branch="false" />
            <line number="381" hits="2" branch="false" />
            <line number="382" hits="2" branch="false" />
          </lines>
        </class>
        <class name="OpenForge.Cryptography.LibOqs.SIG.SigKeyPair" filename="C:\a\liboqs-dotnet\liboqs-dotnet\src\SIG\SigProvider.cs" line-rate="1" branch-rate="1" complexity="5">
          <methods>
            <method name="get_PublicKey" signature="()" line-rate="1" branch-rate="1" complexity="1">
              <lines>
                <line number="373" hits="8" branch="false" />
              </lines>
            </method>
            <method name="set_PublicKey" signature="(byte[])" line-rate="1" branch-rate="1" complexity="1">
              <lines>
                <line number="373" hits="8" branch="false" />
              </lines>
            </method>
            <method name="get_SecretKey" signature="()" line-rate="1" branch-rate="1" complexity="1">
              <lines>
                <line number="373" hits="8" branch="false" />
              </lines>
            </method>
            <method name="set_SecretKey" signature="(byte[])" line-rate="1" branch-rate="1" complexity="1">
              <lines>
                <line number="373" hits="8" branch="false" />
              </lines>
            </method>
            <method name="Dispose" signature="()" line-rate="1" branch-rate="1" complexity="1">
              <lines>
                <line number="381" hits="4" branch="false" />
                <line number="382" hits="4" branch="false" />
              </lines>
            </method>
          </methods>
          <lines>
            <line number="373" hits="8" branch="false" />
            <line number="381" hits="4" branch="false" />
            <line number="382" hits="4" branch="false" />
          </lines>
        </class>
        <class name="OpenForge.Cryptography.LibOqs.SIG.SigProvider" filename="/actions-runner/_work/liboqs-dotnet/liboqs-dotnet/src/SIG/SigProvider.cs" line-rate="1" branch-rate="0.9" complexity="14">
          <methods>
            <method name=".cctor" signature="()" line-rate="1" branch-rate="1" complexity="1">
              <lines>
                <line number="16" hits="16" branch="false" />
                <line number="17" hits="16" branch="false" />
              </lines>
            </method>
            <method name="get_AlgorithmCount" signature="()" line-rate="1" branch-rate="1" complexity="1">
              <lines>
                <line number="26" hits="16" branch="false" />
                <line number="27" hits="16" branch="false" />
              </lines>
            </method>
            <method name="IsAlgorithmEnabled" signature="(string)" line-rate="1" branch-rate="1" complexity="1">
              <lines>
                <line number="39" hits="16" branch="false" />
                <line number="41" hits="16" branch="false" />
                <line number="42" hits="16" branch="false" />
              </lines>
            </method>
            <method name="GetAlgorithmIdentifier" signature="(int)" line-rate="1" branch-rate="0.8333333333333334" complexity="6">
              <lines>
                <line number="54" hits="16" branch="true" condition-coverage="100% (2/2)" />
                <line number="55" hits="8" branch="false" />
                <line number="57" hits="16" branch="false" />
                <line number="58" hits="16" branch="true" condition-coverage="100% (2/2)" />
                <line number="59" hits="8" branch="false" />
                <line number="61" hits="16" branch="false" />
                <line number="62" hits="16" branch="false" />
                <line number="64" hits="16" branch="true" condition-coverage="50% (1/2)" />
              </lines>
            </method>
            <method name="Create" signature="(string)" line-rate="1" branch-rate="1" complexity="1">
              <lines>
                <line number="93" hits="16" branch="false" />
                <line number="95" hits="16" branch="false" />
                <line number="97" hits="16" branch="false" />
                <line number="98" hits="16" branch="false" />
                <line number="100" hits="16" branch="false" />
                <line number="101" hits="16" branch="false" />
                <line number="103" hits="16" branch="false" />
              </lines>
            </method>
            <method name="GetSupportedAlgorithms" signature="()" line-rate="1" branch-rate="1" complexity="4">
              <lines>
                <line number="73" hits="16" branch="false" />
                <line number="74" hits="16" branch="true" condition-coverage="100% (2/2)" />
                <line number="76" hits="16" branch="false" />
                <line number="77" hits="16" branch="true" condition-coverage="100% (2/2)" />
                <line number="78" hits="16" branch="false" />
                <line number="80" hits="16" branch="false" />
              </lines>
            </method>
          </methods>
          <lines>
            <line number="16" hits="16" branch="false" />
            <line number="17" hits="16" branch="false" />
            <line number="26" hits="16" branch="false" />
            <line number="27" hits="16" branch="false" />
            <line number="39" hits="16" branch="false" />
            <line number="41" hits="16" branch="false" />
            <line number="42" hits="16" branch="false" />
            <line number="54" hits="16" branch="true" condition-coverage="100% (2/2)" />
            <line number="55" hits="8" branch="false" />
            <line number="57" hits="16" branch="false" />
            <line number="58" hits="16" branch="true" condition-coverage="100% (2/2)" />
            <line number="59" hits="8" branch="false" />
            <line number="61" hits="16" branch="false" />
            <line number="62" hits="16" branch="false" />
            <line number="64" hits="16" branch="true" condition-coverage="50% (1/2)" />
            <line number="73" hits="16" branch="false" />
            <line number="74" hits="16" branch="true" condition-coverage="100% (2/2)" />
            <line number="76" hits="16" branch="false" />
            <line number="77" hits="16" branch="true" condition-coverage="100% (2/2)" />
            <line number="78" hits="16" branch="false" />
            <line number="80" hits="16" branch="false" />
            <line number="93" hits="16" branch="false" />
            <line number="95" hits="16" branch="false" />
            <line number="97" hits="16" branch="false" />
            <line number="98" hits="16" branch="false" />
            <line number="100" hits="16" branch="false" />
            <line number="101" hits="16" branch="false" />
            <line number="103" hits="16" branch="false" />
          </lines>
        </class>
        <class name="OpenForge.Cryptography.LibOqs.SIG.SigProvider" filename="/Users/runner/work/liboqs-dotnet/liboqs-dotnet/src/SIG/SigProvider.cs" line-rate="1" branch-rate="0.9" complexity="14">
          <methods>
            <method name=".cctor" signature="()" line-rate="1" branch-rate="1" complexity="1">
              <lines>
                <line number="16" hits="4" branch="false" />
                <line number="17" hits="4" branch="false" />
              </lines>
            </method>
            <method name="get_AlgorithmCount" signature="()" line-rate="1" branch-rate="1" complexity="1">
              <lines>
                <line number="26" hits="4" branch="false" />
                <line number="27" hits="4" branch="false" />
              </lines>
            </method>
            <method name="IsAlgorithmEnabled" signature="(string)" line-rate="1" branch-rate="1" complexity="1">
              <lines>
                <line number="39" hits="4" branch="false" />
                <line number="41" hits="4" branch="false" />
                <line number="42" hits="4" branch="false" />
              </lines>
            </method>
            <method name="GetAlgorithmIdentifier" signature="(int)" line-rate="1" branch-rate="0.8333333333333334" complexity="6">
              <lines>
                <line number="54" hits="4" branch="true" condition-coverage="100% (2/2)" />
                <line number="55" hits="2" branch="false" />
                <line number="57" hits="4" branch="false" />
                <line number="58" hits="4" branch="true" condition-coverage="100% (2/2)" />
                <line number="59" hits="2" branch="false" />
                <line number="61" hits="4" branch="false" />
                <line number="62" hits="4" branch="false" />
                <line number="64" hits="4" branch="true" condition-coverage="50% (1/2)" />
              </lines>
            </method>
            <method name="Create" signature="(string)" line-rate="1" branch-rate="1" complexity="1">
              <lines>
                <line number="93" hits="4" branch="false" />
                <line number="95" hits="4" branch="false" />
                <line number="97" hits="4" branch="false" />
                <line number="98" hits="4" branch="false" />
                <line number="100" hits="4" branch="false" />
                <line number="101" hits="4" branch="false" />
                <line number="103" hits="4" branch="false" />
              </lines>
            </method>
            <method name="GetSupportedAlgorithms" signature="()" line-rate="1" branch-rate="1" complexity="4">
              <lines>
                <line number="73" hits="4" branch="false" />
                <line number="74" hits="4" branch="true" condition-coverage="100% (2/2)" />
                <line number="76" hits="4" branch="false" />
                <line number="77" hits="4" branch="true" condition-coverage="100% (2/2)" />
                <line number="78" hits="4" branch="false" />
                <line number="80" hits="4" branch="false" />
              </lines>
            </method>
          </methods>
          <lines>
            <line number="16" hits="4" branch="false" />
            <line number="17" hits="4" branch="false" />
            <line number="26" hits="4" branch="false" />
            <line number="27" hits="4" branch="false" />
            <line number="39" hits="4" branch="false" />
            <line number="41" hits="4" branch="false" />
            <line number="42" hits="4" branch="false" />
            <line number="54" hits="4" branch="true" condition-coverage="100% (2/2)" />
            <line number="55" hits="2" branch="false" />
            <line number="57" hits="4" branch="false" />
            <line number="58" hits="4" branch="true" condition-coverage="100% (2/2)" />
            <line number="59" hits="2" branch="false" />
            <line number="61" hits="4" branch="false" />
            <line number="62" hits="4" branch="false" />
            <line number="64" hits="4" branch="true" condition-coverage="50% (1/2)" />
            <line number="73" hits="4" branch="false" />
            <line number="74" hits="4" branch="true" condition-coverage="100% (2/2)" />
            <line number="76" hits="4" branch="false" />
            <line number="77" hits="4" branch="true" condition-coverage="100% (2/2)" />
            <line number="78" hits="4" branch="false" />
            <line number="80" hits="4" branch="false" />
            <line number="93" hits="4" branch="false" />
            <line number="95" hits="4" branch="false" />
            <line number="97" hits="4" branch="false" />
            <line number="98" hits="4" branch="false" />
            <line number="100" hits="4" branch="false" />
            <line number="101" hits="4" branch="false" />
            <line number="103" hits="4" branch="false" />
          </lines>
        </class>
        <class name="OpenForge.Cryptography.LibOqs.SIG.SigProvider" filename="C:\a\liboqs-dotnet\liboqs-dotnet\src\SIG\SigProvider.cs" line-rate="1" branch-rate="0.9" complexity="14">
          <methods>
            <method name=".cctor" signature="()" line-rate="1" branch-rate="1" complexity="1">
              <lines>
                <line number="16" hits="8" branch="false" />
                <line number="17" hits="8" branch="false" />
              </lines>
            </method>
            <method name="get_AlgorithmCount" signature="()" line-rate="1" branch-rate="1" complexity="1">
              <lines>
                <line number="26" hits="8" branch="false" />
                <line number="27" hits="8" branch="false" />
              </lines>
            </method>
            <method name="IsAlgorithmEnabled" signature="(string)" line-rate="1" branch-rate="1" complexity="1">
              <lines>
                <line number="39" hits="8" branch="false" />
                <line number="41" hits="8" branch="false" />
                <line number="42" hits="8" branch="false" />
              </lines>
            </method>
            <method name="GetAlgorithmIdentifier" signature="(int)" line-rate="1" branch-rate="0.8333333333333334" complexity="6">
              <lines>
                <line number="54" hits="8" branch="true" condition-coverage="100% (2/2)" />
                <line number="55" hits="4" branch="false" />
                <line number="57" hits="8" branch="false" />
                <line number="58" hits="8" branch="true" condition-coverage="100% (2/2)" />
                <line number="59" hits="4" branch="false" />
                <line number="61" hits="8" branch="false" />
                <line number="62" hits="8" branch="false" />
                <line number="64" hits="8" branch="true" condition-coverage="50% (1/2)" />
              </lines>
            </method>
            <method name="Create" signature="(string)" line-rate="1" branch-rate="1" complexity="1">
              <lines>
                <line number="93" hits="8" branch="false" />
                <line number="95" hits="8" branch="false" />
                <line number="97" hits="8" branch="false" />
                <line number="98" hits="8" branch="false" />
                <line number="100" hits="8" branch="false" />
                <line number="101" hits="8" branch="false" />
                <line number="103" hits="8" branch="false" />
              </lines>
            </method>
            <method name="GetSupportedAlgorithms" signature="()" line-rate="1" branch-rate="1" complexity="4">
              <lines>
                <line number="73" hits="8" branch="false" />
                <line number="74" hits="8" branch="true" condition-coverage="100% (2/2)" />
                <line number="76" hits="8" branch="false" />
                <line number="77" hits="8" branch="true" condition-coverage="100% (2/2)" />
                <line number="78" hits="8" branch="false" />
                <line number="80" hits="8" branch="false" />
              </lines>
            </method>
          </methods>
          <lines>
            <line number="16" hits="8" branch="false" />
            <line number="17" hits="8" branch="false" />
            <line number="26" hits="8" branch="false" />
            <line number="27" hits="8" branch="false" />
            <line number="39" hits="8" branch="false" />
            <line number="41" hits="8" branch="false" />
            <line number="42" hits="8" branch="false" />
            <line number="54" hits="8" branch="true" condition-coverage="100% (2/2)" />
            <line number="55" hits="4" branch="false" />
            <line number="57" hits="8" branch="false" />
            <line number="58" hits="8" branch="true" condition-coverage="100% (2/2)" />
            <line number="59" hits="4" branch="false" />
            <line number="61" hits="8" branch="false" />
            <line number="62" hits="8" branch="false" />
            <line number="64" hits="8" branch="true" condition-coverage="50% (1/2)" />
            <line number="73" hits="8" branch="false" />
            <line number="74" hits="8" branch="true" condition-coverage="100% (2/2)" />
            <line number="76" hits="8" branch="false" />
            <line number="77" hits="8" branch="true" condition-coverage="100% (2/2)" />
            <line number="78" hits="8" branch="false" />
            <line number="80" hits="8" branch="false" />
            <line number="93" hits="8" branch="false" />
            <line number="95" hits="8" branch="false" />
            <line number="97" hits="8" branch="false" />
            <line number="98" hits="8" branch="false" />
            <line number="100" hits="8" branch="false" />
            <line number="101" hits="8" branch="false" />
            <line number="103" hits="8" branch="false" />
          </lines>
        </class>
      </classes>
    </package>
  </packages>
</coverage>